2025-12-02 10:39:44 Loading main app package /usr/lib/obsidian/obsidian.asar
2025-12-02 10:39:45 Checking for update using Github
2025-12-02 10:39:45 Success.
2025-12-02 10:39:45 Latest version is 1.10.6
2025-12-02 10:39:45 App is up to date.
2025-12-16 11:02:53 Loading main app package /usr/lib/obsidian/obsidian.asar
2025-12-16 11:02:53 Checking for update using Github
2025-12-16 11:02:54 Success.
2025-12-16 11:02:54 Latest version is 1.10.6
2025-12-16 11:02:54 App is up to date.
2025-12-16 11:08:37 Loading main app package /usr/lib/obsidian/obsidian.asar
2025-12-16 11:08:38 Checking for update using Github
2025-12-16 11:08:38 Success.
2025-12-16 11:08:38 Latest version is 1.10.6
2025-12-16 11:08:38 App is up to date.
2025-12-16 11:09:09 Loading main app package /usr/lib/obsidian/obsidian.asar
2025-12-16 11:09:09 Checking for update using Github
2025-12-16 11:09:09 Success.
2025-12-16 11:09:09 Latest version is 1.10.6
2025-12-16 11:09:09 App is up to date.
2025-12-16 11:13:45 Loading main app package /usr/lib/obsidian/obsidian.asar
2025-12-16 11:13:45 Checking for update using Github
2025-12-16 11:13:46 Success.
2025-12-16 11:13:46 Latest version is 1.10.6
2025-12-16 11:13:46 App is up to date.
